c:\dev\sideproject\bin\intermediates\x64\debug\musicmanager.obj
c:\dev\sideproject\bin\intermediates\x64\debug\vc142.pdb
c:\dev\sideproject\bin\intermediates\x64\debug\sound.obj
c:\dev\sideproject\bin\intermediates\x64\debug\music.obj
c:\dev\sideproject\bin\intermediates\x64\debug\item.obj
c:\dev\sideproject\bin\intermediates\x64\debug\ball.obj
c:\dev\sideproject\bin\intermediates\x64\debug\paddle.obj
c:\dev\sideproject\bin\intermediates\x64\debug\animation.obj
c:\dev\sideproject\bin\intermediates\x64\debug\fileio.obj
c:\dev\sideproject\bin\intermediates\x64\debug\game.obj
c:\dev\sideproject\bin\intermediates\x64\debug\keyboard.obj
c:\dev\sideproject\bin\intermediates\x64\debug\texture.obj
c:\dev\sideproject\bin\intermediates\x64\debug\stage.obj
c:\dev\sideproject\bin\intermediates\x64\debug\mouse.obj
c:\dev\sideproject\bin\intermediates\x64\debug\log.obj
c:\dev\sideproject\bin\intermediates\x64\debug\levelset.obj
c:\dev\sideproject\bin\intermediates\x64\debug\aabbcollision.obj
c:\dev\sideproject\bin\intermediates\x64\debug\main.obj
c:\dev\sideproject\bin\intermediates\x64\debug\backgroundscene.obj
c:\dev\sideproject\bin\intermediates\x64\debug\creditsscene.obj
c:\dev\sideproject\bin\intermediates\x64\debug\introscene.obj
c:\dev\sideproject\bin\intermediates\x64\debug\leaderboardscene.obj
c:\dev\sideproject\bin\intermediates\x64\debug\mainmenuscene.obj
c:\dev\sideproject\bin\intermediates\x64\debug\optionsmenuscene.obj
c:\dev\sideproject\bin\intermediates\x64\debug\pausescene.obj
c:\dev\sideproject\bin\intermediates\x64\debug\gamestatemachine.obj
c:\dev\sideproject\bin\intermediates\x64\debug\pregameplayscene.obj
c:\dev\sideproject\bin\intermediates\x64\debug\splashscene.obj
c:\dev\sideproject\bin\intermediates\x64\debug\timer.obj
c:\dev\sideproject\bin\intermediates\x64\debug\gameplayscene.obj
c:\dev\sideproject\bin\intermediates\x64\debug\popup.obj
c:\dev\sideproject\bin\intermediates\x64\debug\hud.obj
c:\dev\sideproject\bin\intermediates\x64\debug\scoreboard.obj
c:\dev\sideproject\bin\intermediates\x64\debug\text.obj
c:\dev\sideproject\bin\x64\debug\sideproject.ilk
c:\dev\sideproject\bin\x64\debug\sideproject.exe
c:\dev\sideproject\bin\x64\debug\sideproject.pdb
c:\dev\sideproject\bin\intermediates\x64\debug\vc142.idb
c:\dev\sideproject\bin\intermediates\x64\debug\vc142_ib_1.idb
c:\dev\sideproject\bin\intermediates\x64\debug\vc142_ib_2.idb
c:\dev\sideproject\bin\intermediates\x64\debug\vc142_ib_3.idb
c:\dev\sideproject\bin\intermediates\x64\debug\vc142_ib_1.pdb
c:\dev\sideproject\bin\intermediates\x64\debug\vc142_ib_2.pdb
c:\dev\sideproject\bin\intermediates\x64\debug\vc142_ib_3.pdb
c:\dev\sideproject\bin\intermediates\x64\debug\sideproject.tlog\cl.command.1.tlog
c:\dev\sideproject\bin\intermediates\x64\debug\sideproject.tlog\cl.read.1.tlog
c:\dev\sideproject\bin\intermediates\x64\debug\sideproject.tlog\cl.write.1.tlog
c:\dev\sideproject\bin\intermediates\x64\debug\sideproject.tlog\link.command.1.tlog
c:\dev\sideproject\bin\intermediates\x64\debug\sideproject.tlog\link.read.1.tlog
c:\dev\sideproject\bin\intermediates\x64\debug\sideproject.tlog\link.write.1.tlog
