c:\dev\sideproject\bin\intermediates\win32\debug\vc141.pdb
c:\dev\sideproject\bin\intermediates\win32\debug\vc141.idb
c:\dev\sideproject\bin\intermediates\win32\debug\splashscene.obj
c:\dev\sideproject\bin\intermediates\win32\debug\mainmenuscene.obj
c:\dev\sideproject\bin\intermediates\win32\debug\pausescene.obj
c:\dev\sideproject\bin\intermediates\win32\debug\optionsmenuscene.obj
c:\dev\sideproject\bin\intermediates\win32\debug\introscene.obj
c:\dev\sideproject\bin\intermediates\win32\debug\gameplayscene.obj
c:\dev\sideproject\bin\intermediates\win32\debug\musicmanager.obj
c:\dev\sideproject\bin\intermediates\win32\debug\main.obj
c:\dev\sideproject\bin\intermediates\win32\debug\game.obj
c:\dev\sideproject\bin\intermediates\win32\debug\loadingscene.obj
c:\dev\sideproject\bin\intermediates\win32\debug\leaderboardscene.obj
c:\dev\sideproject\bin\intermediates\win32\debug\creditsscene.obj
c:\dev\sideproject\bin\intermediates\win32\debug\aabbcollision.obj
c:\dev\sideproject\bin\intermediates\win32\debug\levelset.obj
c:\dev\sideproject\bin\intermediates\win32\debug\mouse.obj
c:\dev\sideproject\bin\intermediates\win32\debug\keyboard.obj
c:\dev\sideproject\bin\intermediates\win32\debug\fileio.obj
c:\dev\sideproject\bin\intermediates\win32\debug\texture.obj
c:\dev\sideproject\bin\intermediates\win32\debug\animation.obj
c:\dev\sideproject\bin\intermediates\win32\debug\paddle.obj
c:\dev\sideproject\bin\intermediates\win32\debug\item.obj
c:\dev\sideproject\bin\intermediates\win32\debug\ball.obj
c:\dev\sideproject\bin\intermediates\win32\debug\sound.obj
c:\dev\sideproject\bin\intermediates\win32\debug\music.obj
c:\dev\sideproject\bin\intermediates\win32\debug\text.obj
c:\dev\sideproject\bin\intermediates\win32\debug\scoreboard.obj
c:\dev\sideproject\bin\intermediates\win32\debug\hud.obj
c:\dev\sideproject\bin\intermediates\win32\debug\timer.obj
c:\dev\sideproject\bin\intermediates\win32\debug\gamestatemachine.obj
c:\dev\sideproject\bin\intermediates\win32\debug\pregameplayscene.obj
c:\dev\sideproject\bin\win32\debug\sideproject.exe
c:\dev\sideproject\bin\win32\debug\sideproject.ilk
c:\dev\sideproject\bin\win32\debug\sideproject.pdb
c:\dev\sideproject\bin\intermediates\win32\debug\sideproject.tlog\cl.command.1.tlog
c:\dev\sideproject\bin\intermediates\win32\debug\sideproject.tlog\cl.read.1.tlog
c:\dev\sideproject\bin\intermediates\win32\debug\sideproject.tlog\cl.write.1.tlog
c:\dev\sideproject\bin\intermediates\win32\debug\sideproject.tlog\link.command.1.tlog
c:\dev\sideproject\bin\intermediates\win32\debug\sideproject.tlog\link.read.1.tlog
c:\dev\sideproject\bin\intermediates\win32\debug\sideproject.tlog\link.write.1.tlog
