c:\dev\sideproject\bin\intermediates\x64\release\vc142.pdb
c:\dev\sideproject\bin\intermediates\x64\release\introscene.obj
c:\dev\sideproject\bin\intermediates\x64\release\creditsscene.obj
c:\dev\sideproject\bin\intermediates\x64\release\backgroundscene.obj
c:\dev\sideproject\bin\intermediates\x64\release\aabbcollision.obj
c:\dev\sideproject\bin\intermediates\x64\release\main.obj
c:\dev\sideproject\bin\intermediates\x64\release\log.obj
c:\dev\sideproject\bin\intermediates\x64\release\stage.obj
c:\dev\sideproject\bin\intermediates\x64\release\levelset.obj
c:\dev\sideproject\bin\intermediates\x64\release\mouse.obj
c:\dev\sideproject\bin\intermediates\x64\release\keyboard.obj
c:\dev\sideproject\bin\intermediates\x64\release\fileio.obj
c:\dev\sideproject\bin\intermediates\x64\release\game.obj
c:\dev\sideproject\bin\intermediates\x64\release\texture.obj
c:\dev\sideproject\bin\intermediates\x64\release\animation.obj
c:\dev\sideproject\bin\intermediates\x64\release\paddle.obj
c:\dev\sideproject\bin\intermediates\x64\release\item.obj
c:\dev\sideproject\bin\intermediates\x64\release\ball.obj
c:\dev\sideproject\bin\intermediates\x64\release\sound.obj
c:\dev\sideproject\bin\intermediates\x64\release\music.obj
c:\dev\sideproject\bin\intermediates\x64\release\musicmanager.obj
c:\dev\sideproject\bin\intermediates\x64\release\text.obj
c:\dev\sideproject\bin\intermediates\x64\release\scoreboard.obj
c:\dev\sideproject\bin\intermediates\x64\release\popup.obj
c:\dev\sideproject\bin\intermediates\x64\release\hud.obj
c:\dev\sideproject\bin\intermediates\x64\release\timer.obj
c:\dev\sideproject\bin\intermediates\x64\release\gameplayscene.obj
c:\dev\sideproject\bin\intermediates\x64\release\gamestatemachine.obj
c:\dev\sideproject\bin\intermediates\x64\release\splashscene.obj
c:\dev\sideproject\bin\intermediates\x64\release\pregameplayscene.obj
c:\dev\sideproject\bin\intermediates\x64\release\pausescene.obj
c:\dev\sideproject\bin\intermediates\x64\release\optionsmenuscene.obj
c:\dev\sideproject\bin\intermediates\x64\release\leaderboardscene.obj
c:\dev\sideproject\bin\intermediates\x64\release\mainmenuscene.obj
c:\dev\sideproject\bin\x64\release\sideproject.exe
c:\dev\sideproject\bin\x64\release\sideproject.pdb
c:\dev\sideproject\bin\intermediates\x64\release\sideproject.res
c:\dev\sideproject\bin\x64\release\sideproject.ipdb
c:\dev\sideproject\bin\x64\release\sideproject.iobj
c:\dev\sideproject\bin\intermediates\x64\release\nativecodeanalysis.read.1.tlog
c:\dev\sideproject\bin\intermediates\x64\release\aabbcollision.nativecodeanalysis.xml
c:\dev\sideproject\bin\intermediates\x64\release\animation.nativecodeanalysis.xml
c:\dev\sideproject\bin\intermediates\x64\release\backgroundscene.nativecodeanalysis.xml
c:\dev\sideproject\bin\intermediates\x64\release\ball.nativecodeanalysis.xml
c:\dev\sideproject\bin\intermediates\x64\release\creditsscene.nativecodeanalysis.xml
c:\dev\sideproject\bin\intermediates\x64\release\fileio.nativecodeanalysis.xml
c:\dev\sideproject\bin\intermediates\x64\release\game.nativecodeanalysis.xml
c:\dev\sideproject\bin\intermediates\x64\release\gameplayscene.nativecodeanalysis.xml
c:\dev\sideproject\bin\intermediates\x64\release\gamestatemachine.nativecodeanalysis.xml
c:\dev\sideproject\bin\intermediates\x64\release\hud.nativecodeanalysis.xml
c:\dev\sideproject\bin\intermediates\x64\release\introscene.nativecodeanalysis.xml
c:\dev\sideproject\bin\intermediates\x64\release\item.nativecodeanalysis.xml
c:\dev\sideproject\bin\intermediates\x64\release\keyboard.nativecodeanalysis.xml
c:\dev\sideproject\bin\intermediates\x64\release\leaderboardscene.nativecodeanalysis.xml
c:\dev\sideproject\bin\intermediates\x64\release\levelset.nativecodeanalysis.xml
c:\dev\sideproject\bin\intermediates\x64\release\log.nativecodeanalysis.xml
c:\dev\sideproject\bin\intermediates\x64\release\main.nativecodeanalysis.xml
c:\dev\sideproject\bin\intermediates\x64\release\mainmenuscene.nativecodeanalysis.xml
c:\dev\sideproject\bin\intermediates\x64\release\mouse.nativecodeanalysis.xml
c:\dev\sideproject\bin\intermediates\x64\release\music.nativecodeanalysis.xml
c:\dev\sideproject\bin\intermediates\x64\release\musicmanager.nativecodeanalysis.xml
c:\dev\sideproject\bin\intermediates\x64\release\optionsmenuscene.nativecodeanalysis.xml
c:\dev\sideproject\bin\intermediates\x64\release\paddle.nativecodeanalysis.xml
c:\dev\sideproject\bin\intermediates\x64\release\pausescene.nativecodeanalysis.xml
c:\dev\sideproject\bin\intermediates\x64\release\popup.nativecodeanalysis.xml
c:\dev\sideproject\bin\intermediates\x64\release\pregameplayscene.nativecodeanalysis.xml
c:\dev\sideproject\bin\intermediates\x64\release\scoreboard.nativecodeanalysis.xml
c:\dev\sideproject\bin\intermediates\x64\release\sound.nativecodeanalysis.xml
c:\dev\sideproject\bin\intermediates\x64\release\splashscene.nativecodeanalysis.xml
c:\dev\sideproject\bin\intermediates\x64\release\stage.nativecodeanalysis.xml
c:\dev\sideproject\bin\intermediates\x64\release\text.nativecodeanalysis.xml
c:\dev\sideproject\bin\intermediates\x64\release\texture.nativecodeanalysis.xml
c:\dev\sideproject\bin\intermediates\x64\release\timer.nativecodeanalysis.xml
c:\dev\sideproject\bin\intermediates\x64\release\vc.nativecodeanalysis.all.xml
c:\dev\sideproject\bin\intermediates\x64\release\sideproject.tlog\cl.command.1.tlog
c:\dev\sideproject\bin\intermediates\x64\release\sideproject.tlog\cl.read.1.tlog
c:\dev\sideproject\bin\intermediates\x64\release\sideproject.tlog\cl.write.1.tlog
c:\dev\sideproject\bin\intermediates\x64\release\sideproject.tlog\link.command.1.tlog
c:\dev\sideproject\bin\intermediates\x64\release\sideproject.tlog\link.read.1.tlog
c:\dev\sideproject\bin\intermediates\x64\release\sideproject.tlog\link.write.1.tlog
c:\dev\sideproject\bin\intermediates\x64\release\sideproject.tlog\rc.command.1.tlog
c:\dev\sideproject\bin\intermediates\x64\release\sideproject.tlog\rc.read.1.tlog
c:\dev\sideproject\bin\intermediates\x64\release\sideproject.tlog\rc.write.1.tlog
c:\dev\sideproject\bin\intermediates\x64\release\sideproject.tlog\sideproject.write.1u.tlog
