c:\dev\sideproject\bin\intermediates\win32\release\vc141.pdb
c:\dev\sideproject\bin\intermediates\win32\release\mainmenuscene.obj
c:\dev\sideproject\bin\intermediates\win32\release\loadingscene.obj
c:\dev\sideproject\bin\intermediates\win32\release\leaderboardscene.obj
c:\dev\sideproject\bin\intermediates\win32\release\introscene.obj
c:\dev\sideproject\bin\intermediates\win32\release\creditsscene.obj
c:\dev\sideproject\bin\intermediates\win32\release\aabbcollision.obj
c:\dev\sideproject\bin\intermediates\win32\release\main.obj
c:\dev\sideproject\bin\intermediates\win32\release\levelset.obj
c:\dev\sideproject\bin\intermediates\win32\release\mouse.obj
c:\dev\sideproject\bin\intermediates\win32\release\keyboard.obj
c:\dev\sideproject\bin\intermediates\win32\release\fileio.obj
c:\dev\sideproject\bin\intermediates\win32\release\game.obj
c:\dev\sideproject\bin\intermediates\win32\release\texture.obj
c:\dev\sideproject\bin\intermediates\win32\release\animation.obj
c:\dev\sideproject\bin\intermediates\win32\release\paddle.obj
c:\dev\sideproject\bin\intermediates\win32\release\item.obj
c:\dev\sideproject\bin\intermediates\win32\release\ball.obj
c:\dev\sideproject\bin\intermediates\win32\release\sound.obj
c:\dev\sideproject\bin\intermediates\win32\release\music.obj
c:\dev\sideproject\bin\intermediates\win32\release\musicmanager.obj
c:\dev\sideproject\bin\intermediates\win32\release\text.obj
c:\dev\sideproject\bin\intermediates\win32\release\scoreboard.obj
c:\dev\sideproject\bin\intermediates\win32\release\hud.obj
c:\dev\sideproject\bin\intermediates\win32\release\timer.obj
c:\dev\sideproject\bin\intermediates\win32\release\gameplayscene.obj
c:\dev\sideproject\bin\intermediates\win32\release\gamestatemachine.obj
c:\dev\sideproject\bin\intermediates\win32\release\splashscene.obj
c:\dev\sideproject\bin\intermediates\win32\release\pregameplayscene.obj
c:\dev\sideproject\bin\intermediates\win32\release\pausescene.obj
c:\dev\sideproject\bin\intermediates\win32\release\optionsmenuscene.obj
c:\dev\sideproject\bin\intermediates\win32\release\sideproject.tlog\cl.command.1.tlog
c:\dev\sideproject\bin\intermediates\win32\release\sideproject.tlog\cl.read.1.tlog
c:\dev\sideproject\bin\intermediates\win32\release\sideproject.tlog\cl.write.1.tlog
c:\dev\sideproject\bin\intermediates\win32\release\sideproject.tlog\link.command.1.tlog
c:\dev\sideproject\bin\intermediates\win32\release\sideproject.tlog\link.read.1.tlog
c:\dev\sideproject\bin\intermediates\win32\release\sideproject.tlog\link.write.1.tlog
